<?xml version="1.0" encoding="UTF-8"?>
<testsuite name="Contador" tests="1" skipped="0" failures="1" errors="0" timestamp="2024-04-03T18:01:31" hostname="USER" time="32.251">
  <properties/>
  <testcase name="Incrementar cuenta del contador" classname="Contador" time="32.251">
    <failure message="java.lang.AssertionError: &#13;&#10;Expected: an element that is visible&#13;&#10;     but: no matching element found by [Card buttons demo located with: AppiumaccessibilityId: Buttons Demo]" type="java.lang.AssertionError">java.lang.AssertionError: 
Expected: an element that is visible
     but: no matching element found by [Card buttons demo located with: AppiumaccessibilityId: Buttons Demo]
	at net.serenitybdd.screenplay.ErrorTally.throwSummaryExceptionFrom(ErrorTally.java:38)
	at net.serenitybdd.screenplay.ErrorTally.reportAnyErrors(ErrorTally.java:32)
	at net.serenitybdd.screenplay.Actor.should(Actor.java:395)
	at net.serenitybdd.screenplay.waits.WaitUntilBuilder$1.performAs(WaitUntilBuilder.java:29)
	at net.serenitybdd.screenplay.Actor.performTask(Actor.java:296)
	at net.serenitybdd.screenplay.Actor.perform(Actor.java:275)
	at net.serenitybdd.screenplay.Actor.performSilently(Actor.java:254)
	at net.serenitybdd.screenplay.Actor.attemptsTo(Actor.java:211)
	at net.serenitybdd.screenplay.Actor.attemptsTo(Actor.java:222)
	at co.com.castor.stepdefinitions.ContadorStepDefinitions.elUsuarioEstaEnAppContador(ContadorStepDefinitions.java:32)
	at âœ½.el usuario Kedyn esta en App Contador(file:///C:/Users/usuario/Desktop/Prueba_mobile/Prueba_mobile/src/test/resources/features/contador.feature:7)
</failure>
  </testcase>
  <system-out><![CDATA[|-- Dado el usuario Kedyn esta en App Contador
|---- Cuando el usuario incrementa la cuenta 3 veces
|---- Entonces el usuario deberia ver la cuenta en 3
]]></system-out>
  <system-err><![CDATA[]]></system-err>
</testsuite>
